<?xml version="1.0" encoding="UTF-8"?>
<testng-results skipped="0" failed="0" ignored="0" total="1" passed="1">
  <reporter-output>
  </reporter-output>
  <suite name="Default suite" duration-ms="16200" started-at="2018-07-31T10:30:03Z" finished-at="2018-07-31T10:30:20Z">
    <groups>
    </groups>
    <test name="Default test" duration-ms="16200" started-at="2018-07-31T10:30:03Z" finished-at="2018-07-31T10:30:20Z">
      <class name="jenkinstest.jenkinsclass">
        <test-method status="PASS" signature="zephyrtesting()[pri:0, instance:jenkinstest.jenkinsclass@4d41cee]" name="zephyrtesting" duration-ms="16168" started-at="2018-07-31T10:30:03Z" finished-at="2018-07-31T10:30:20Z">
          <reporter-output>
          </reporter-output>
        </test-method> <!-- zephyrtesting -->
      </class> <!-- jenkinstest.jenkinsclass -->
    </test> <!-- Default test -->
  </suite> <!-- Default suite -->
</testng-results>
